#
# There is insufficient memory for the Java Runtime Environment to continue.
# Native memory allocation (malloc) failed to allocate 137363456 bytes for committing reserved memory.
# Possible reasons:
#   The system is out of physical RAM or swap space
#   In 32 bit mode, the process size limit was hit
# Possible solutions:
#   Reduce memory load on the system
#   Increase physical memory or swap space
#   Check if swap backing store is full
#   Use 64 bit Java on a 64 bit OS
#   Decrease Java heap size (-Xmx/-Xms)
#   Decrease number of Java threads
#   Decrease Java thread stack sizes (-Xss)
#   Set larger code cache with -XX:ReservedCodeCacheSize=
# This output file may be truncated or incomplete.
#
#  Out of Memory Error (os_linux.cpp:2756), pid=21453, tid=140137214236416
#
# JRE version: Java(TM) SE Runtime Environment (7.0_75-b13) (build 1.7.0_75-b13)
# Java VM: Java HotSpot(TM) 64-Bit Server VM (24.75-b04 mixed mode linux-amd64 compressed oops)
# Failed to write core dump. Core dumps have been disabled. To enable core dumping, try "ulimit -c unlimited" before starting Java again
#

---------------  T H R E A D  ---------------

Current thread (0x00007f7440072800):  VMThread [stack: 0x00007f743ccfd000,0x00007f743cdfe000] [id=21523]

Stack: [0x00007f743ccfd000,0x00007f743cdfe000],  sp=0x00007f743cdfc0c0,  free space=1020k
Native frames: (J=compiled Java code, j=interpreted, Vv=VM code, C=native code)
V  [libjvm.so+0x9a18da]  VMError::report_and_die()+0x2ea
V  [libjvm.so+0x4975ab]  report_vm_out_of_memory(char const*, int, unsigned long, char const*)+0x9b
V  [libjvm.so+0x81ebae]  os::Linux::commit_memory_impl(char*, unsigned long, bool)+0xfe
V  [libjvm.so+0x81f0f9]  os::pd_commit_memory(char*, unsigned long, unsigned long, bool)+0x29
V  [libjvm.so+0x818e8a]  os::commit_memory(char*, unsigned long, unsigned long, bool)+0x2a
V  [libjvm.so+0x88bfb3]  PSVirtualSpace::expand_by(unsigned long)+0x53
V  [libjvm.so+0x88d388]  PSYoungGen::resize_generation(unsigned long, unsigned long)+0xf8
V  [libjvm.so+0x88c4f2]  PSYoungGen::resize(unsigned long, unsigned long)+0x22
V  [libjvm.so+0x889943]  PSScavenge::invoke_no_policy()+0xfb3
V  [libjvm.so+0x88a0f1]  PSScavenge::invoke()+0x41
V  [libjvm.so+0x840a90]  ParallelScavengeHeap::failed_mem_allocate(unsigned long)+0x70
V  [libjvm.so+0x9a3167]  VM_ParallelGCFailedAllocation::doit()+0x97
V  [libjvm.so+0x9aa605]  VM_Operation::evaluate()+0x55
V  [libjvm.so+0x9a89ca]  VMThread::evaluate_operation(VM_Operation*)+0xba
V  [libjvm.so+0x9a8d4e]  VMThread::loop()+0x1ce
V  [libjvm.so+0x9a91c0]  VMThread::run()+0x70
V  [libjvm.so+0x820b88]  java_start(Thread*)+0x108

VM_Operation (0x00007f74499ddb60): ParallelGCFailedAllocation, mode: safepoint, requested by thread 0x00007f744000a000


---------------  P R O C E S S  ---------------

Java Threads: ( => current thread )
  0x00007f744000a000 JavaThread "Unknown thread" [_thread_blocked, id=21468, stack(0x00007f74498de000,0x00007f74499df000)]
  0x00007f74400a2000 JavaThread "Service Thread" daemon [_thread_blocked, id=21563, stack(0x00007f743c015000,0x00007f743c116000)]
  0x00007f744009f800 JavaThread "C2 CompilerThread1" daemon [_thread_blocked, id=21562, stack(0x00007f743c116000,0x00007f743c217000)]
  0x00007f744009c800 JavaThread "C2 CompilerThread0" daemon [_thread_blocked, id=21560, stack(0x00007f743c217000,0x00007f743c318000)]
  0x00007f744009a800 JavaThread "Signal Dispatcher" daemon [_thread_blocked, id=21552, stack(0x00007f743c318000,0x00007f743c419000)]
  0x00007f7440079000 JavaThread "Finalizer" daemon [_thread_blocked, id=21540, stack(0x00007f743cafb000,0x00007f743cbfc000)]
  0x00007f7440077000 JavaThread "Reference Handler" daemon [_thread_blocked, id=21534, stack(0x00007f743cbfc000,0x00007f743ccfd000)]

Other Threads:
=>0x00007f7440072800 VMThread [stack: 0x00007f743ccfd000,0x00007f743cdfe000] [id=21523]
  0x00007f74400b4800 WatcherThread [stack: 0x00007f7425c6f000,0x00007f7425d70000] [id=21569]

VM state:at safepoint (normal execution)

VM Mutex/Monitor currently owned by a thread:  ([mutex/lock_event])
[0x00007f74400066e0] Threads_lock - owner thread: 0x00007f7440072800
[0x00007f7440006be0] Heap_lock - owner thread: 0x00007f744000a000

Heap
 PSYoungGen      total 142336K, used 16893K [0x00000000eaa80000, 0x00000000f4780000, 0x0000000100000000)
  eden space 125440K, 0% used [0x00000000eaa80000,0x00000000eaa80000,0x00000000f2500000)
  from space 16896K, 99% used [0x00000000f2500000,0x00000000f357f570,0x00000000f3580000)
  to   space 15360K, 0% used [0x00000000f3580000,0x00000000f3580000,0x00000000f4480000)
 ParOldGen       total 83456K, used 32160K [0x00000000c0000000, 0x00000000c5180000, 0x00000000eaa80000)
  object space 83456K, 38% used [0x00000000c0000000,0x00000000c1f68160,0x00000000c5180000)
 PSPermGen       total 21504K, used 6345K [0x00000000bae00000, 0x00000000bc300000, 0x00000000c0000000)
  object space 21504K, 29% used [0x00000000bae00000,0x00000000bb432600,0x00000000bc300000)

Card table byte_map: [0x00007f74469ae000,0x00007f7446bd8000] byte_map_base: 0x00007f74463d7000

Polling page: 0x00007f7449a0b000

Code Cache  [0x00007f743d000000, 0x00007f743d340000, 0x00007f7440000000)
 total_blobs=1114 nmethods=881 adapters=186 free_code_cache=45921Kb largest_free_block=46978880

Compilation events (10 events):
Event: 6.179 Thread 0x00007f744009f800 nmethod 883 0x00007f743d331810 code [0x00007f743d3319c0, 0x00007f743d332208]
Event: 6.181 Thread 0x00007f744009f800  887             java.lang.Integer::reverseBytes (26 bytes)
Event: 6.181 Thread 0x00007f744009f800 nmethod 887 0x00007f743d32f750 code [0x00007f743d32f880, 0x00007f743d32f8f8]
Event: 6.190 Thread 0x00007f744009c800 nmethod 885 0x00007f743d330b10 code [0x00007f743d330c80, 0x00007f743d3315e8]
Event: 6.205 Thread 0x00007f744009f800  888             sun.security.provider.ByteArrayAccess::b2iBig64 (614 bytes)
Event: 6.207 Thread 0x00007f744009c800  889             sun.security.provider.DigestBase::engineUpdate (188 bytes)
Event: 6.207 Thread 0x00007f744009f800 nmethod 888 0x00007f743d325410 code [0x00007f743d325560, 0x00007f743d325778]
Event: 6.210 Thread 0x00007f744009c800 nmethod 889 0x00007f743d3280d0 code [0x00007f743d328240, 0x00007f743d328588]
Event: 6.219 Thread 0x00007f744009f800  890             java.util.zip.ZStreamRef::address (5 bytes)
Event: 6.219 Thread 0x00007f744009f800 nmethod 890 0x00007f743d3288d0 code [0x00007f743d328a00, 0x00007f743d328a58]

GC Heap History (10 events):
Event: 2.470 GC heap after
Heap after GC invocations=2 (full 0):
 PSYoungGen      total 36864K, used 5108K [0x00000000eaa80000, 0x00000000ef280000, 0x0000000100000000)
  eden space 31744K, 0% used [0x00000000eaa80000,0x00000000eaa80000,0x00000000ec980000)
  from space 5120K, 99% used [0x00000000ece80000,0x00000000ed37d200,0x00000000ed380000)
  to   space 5120K, 0% used [0x00000000ec980000,0x00000000ec980000,0x00000000ece80000)
 ParOldGen       total 83456K, used 7045K [0x00000000c0000000, 0x00000000c5180000, 0x00000000eaa80000)
  object space 83456K, 8% used [0x00000000c0000000,0x00000000c06e1520,0x00000000c5180000)
 PSPermGen       total 21504K, used 5551K [0x00000000bae00000, 0x00000000bc300000, 0x00000000c0000000)
  object space 21504K, 25% used [0x00000000bae00000,0x00000000bb36bc28,0x00000000bc300000)
}
Event: 2.995 GC heap before
{Heap before GC invocations=3 (full 0):
 PSYoungGen      total 36864K, used 36852K [0x00000000eaa80000, 0x00000000ef280000, 0x0000000100000000)
  eden space 31744K, 100% used [0x00000000eaa80000,0x00000000ec980000,0x00000000ec980000)
  from space 5120K, 99% used [0x00000000ece80000,0x00000000ed37d200,0x00000000ed380000)
  to   space 5120K, 0% used [0x00000000ec980000,0x00000000ec980000,0x00000000ece80000)
 ParOldGen       total 83456K, used 7045K [0x00000000c0000000, 0x00000000c5180000, 0x00000000eaa80000)
  object space 83456K, 8% used [0x00000000c0000000,0x00000000c06e1520,0x00000000c5180000)
 PSPermGen       total 21504K, used 5570K [0x00000000bae00000, 0x00000000bc300000, 0x00000000c0000000)
  object space 21504K, 25% used [0x00000000bae00000,0x00000000bb370840,0x00000000bc300000)
Event: 3.016 GC heap after
Heap after GC invocations=3 (full 0):
 PSYoungGen      total 36864K, used 5100K [0x00000000eaa80000, 0x00000000ef280000, 0x0000000100000000)
  eden space 31744K, 0% used [0x00000000eaa80000,0x00000000eaa80000,0x00000000ec980000)
  from space 5120K, 99% used [0x00000000ec980000,0x00000000ece7b078,0x00000000ece80000)
  to   space 5120K, 0% used [0x00000000eed80000,0x00000000eed80000,0x00000000ef280000)
 ParOldGen       total 83456K, used 11274K [0x00000000c0000000, 0x00000000c5180000, 0x00000000eaa80000)
  object space 83456K, 13% used [0x00000000c0000000,0x00000000c0b029f8,0x00000000c5180000)
 PSPermGen       total 21504K, used 5570K [0x00000000bae00000, 0x00000000bc300000, 0x00000000c0000000)
  object space 21504K, 25% used [0x00000000bae00000,0x00000000bb370840,0x00000000bc300000)
}
Event: 3.457 GC heap before
{Heap before GC invocations=4 (full 0):
 PSYoungGen      total 36864K, used 36844K [0x00000000eaa80000, 0x00000000ef280000, 0x0000000100000000)
  eden space 31744K, 100% used [0x00000000eaa80000,0x00000000ec980000,0x00000000ec980000)
  from space 5120K, 99% used [0x00000000ec980000,0x00000000ece7b078,0x00000000ece80000)
  to   space 5120K, 0% used [0x00000000eed80000,0x00000000eed80000,0x00000000ef280000)
 ParOldGen       total 83456K, used 11274K [0x00000000c0000000, 0x00000000c5180000, 0x00000000eaa80000)
  object space 83456K, 13% used [0x00000000c0000000,0x00000000c0b029f8,0x00000000c5180000)
 PSPermGen       total 21504K, used 5589K [0x00000000bae00000, 0x00000000bc300000, 0x00000000c0000000)
  object space 21504K, 25% used [0x00000000bae00000,0x00000000bb3755d8,0x00000000bc300000)
Event: 4.236 GC heap after
Heap after GC invocations=4 (full 0):
 PSYoungGen      total 68608K, used 5095K [0x00000000eaa80000, 0x00000000ef280000, 0x0000000100000000)
  eden space 63488K, 0% used [0x00000000eaa80000,0x00000000eaa80000,0x00000000ee880000)
  from space 5120K, 99% used [0x00000000eed80000,0x00000000ef279ce0,0x00000000ef280000)
  to   space 5120K, 0% used [0x00000000ee880000,0x00000000ee880000,0x00000000eed80000)
 ParOldGen       total 83456K, used 16690K [0x00000000c0000000, 0x00000000c5180000, 0x00000000eaa80000)
  object space 83456K, 19% used [0x00000000c0000000,0x00000000c104ca20,0x00000000c5180000)
 PSPermGen       total 21504K, used 5589K [0x00000000bae00000, 0x00000000bc300000, 0x00000000c0000000)
  object space 21504K, 25% used [0x00000000bae00000,0x00000000bb3755d8,0x00000000bc300000)
}
Event: 4.738 GC heap before
{Heap before GC invocations=5 (full 0):
 PSYoungGen      total 68608K, used 68583K [0x00000000eaa80000, 0x00000000ef280000, 0x0000000100000000)
  eden space 63488K, 100% used [0x00000000eaa80000,0x00000000ee880000,0x00000000ee880000)
  from space 5120K, 99% used [0x00000000eed80000,0x00000000ef279ce0,0x00000000ef280000)
  to   space 5120K, 0% used [0x00000000ee880000,0x00000000ee880000,0x00000000eed80000)
 ParOldGen       total 83456K, used 16690K [0x00000000c0000000, 0x00000000c5180000, 0x00000000eaa80000)
  object space 83456K, 19% used [0x00000000c0000000,0x00000000c104ca20,0x00000000c5180000)
 PSPermGen       total 21504K, used 5632K [0x00000000bae00000, 0x00000000bc300000, 0x00000000c0000000)
  object space 21504K, 26% used [0x00000000bae00000,0x00000000bb380308,0x00000000bc300000)
Event: 4.753 GC heap after
Heap after GC invocations=5 (full 0):
 PSYoungGen      total 68608K, used 5092K [0x00000000eaa80000, 0x00000000f4480000, 0x0000000100000000)
  eden space 63488K, 0% used [0x00000000eaa80000,0x00000000eaa80000,0x00000000ee880000)
  from space 5120K, 99% used [0x00000000ee880000,0x00000000eed79038,0x00000000eed80000)
  to   space 15360K, 0% used [0x00000000f3580000,0x00000000f3580000,0x00000000f4480000)
 ParOldGen       total 83456K, used 26164K [0x00000000c0000000, 0x00000000c5180000, 0x00000000eaa80000)
  object space 83456K, 31% used [0x00000000c0000000,0x00000000c198d298,0x00000000c5180000)
 PSPermGen       total 21504K, used 5632K [0x00000000bae00000, 0x00000000bc300000, 0x00000000c0000000)
  object space 21504K, 26% used [0x00000000bae00000,0x00000000bb380308,0x00000000bc300000)
}
Event: 5.052 GC heap before
{Heap before GC invocations=6 (full 0):
 PSYoungGen      total 68608K, used 68580K [0x00000000eaa80000, 0x00000000f4480000, 0x0000000100000000)
  eden space 63488K, 100% used [0x00000000eaa80000,0x00000000ee880000,0x00000000ee880000)
  from space 5120K, 99% used [0x00000000ee880000,0x00000000eed79038,0x00000000eed80000)
  to   space 15360K, 0% used [0x00000000f3580000,0x00000000f3580000,0x00000000f4480000)
 ParOldGen       total 83456K, used 26164K [0x00000000c0000000, 0x00000000c5180000, 0x00000000eaa80000)
  object space 83456K, 31% used [0x00000000c0000000,0x00000000c198d298,0x00000000c5180000)
 PSPermGen       total 21504K, used 5652K [0x00000000bae00000, 0x00000000bc300000, 0x00000000c0000000)
  object space 21504K, 26% used [0x00000000bae00000,0x00000000bb385160,0x00000000bc300000)
Event: 5.067 GC heap after
Heap after GC invocations=6 (full 0):
 PSYoungGen      total 140800K, used 14725K [0x00000000eaa80000, 0x00000000f4780000, 0x0000000100000000)
  eden space 125440K, 0% used [0x00000000eaa80000,0x00000000eaa80000,0x00000000f2500000)
  from space 15360K, 95% used [0x00000000f3580000,0x00000000f43e15b8,0x00000000f4480000)
  to   space 16896K, 0% used [0x00000000f2500000,0x00000000f2500000,0x00000000f3580000)
 ParOldGen       total 83456K, used 26164K [0x00000000c0000000, 0x00000000c5180000, 0x00000000eaa80000)
  object space 83456K, 31% used [0x00000000c0000000,0x00000000c198d298,0x00000000c5180000)
 PSPermGen       total 21504K, used 5652K [0x00000000bae00000, 0x00000000bc300000, 0x00000000c0000000)
  object space 21504K, 26% used [0x00000000bae00000,0x00000000bb385160,0x00000000bc300000)
}
Event: 6.256 GC heap before
{Heap before GC invocations=7 (full 0):
 PSYoungGen      total 140800K, used 140165K [0x00000000eaa80000, 0x00000000f4780000, 0x0000000100000000)
  eden space 125440K, 100% used [0x00000000eaa80000,0x00000000f2500000,0x00000000f2500000)
  from space 15360K, 95% used [0x00000000f3580000,0x00000000f43e15b8,0x00000000f4480000)
  to   space 16896K, 0% used [0x00000000f2500000,0x00000000f2500000,0x00000000f3580000)
 ParOldGen       total 83456K, used 26164K [0x00000000c0000000, 0x00000000c5180000, 0x00000000eaa80000)
  object space 83456K, 31% used [0x00000000c0000000,0x00000000c198d298,0x00000000c5180000)
 PSPermGen       total 21504K, used 6345K [0x00000000bae00000, 0x00000000bc300000, 0x00000000c0000000)
  object space 21504K, 29% used [0x00000000bae00000,0x00000000bb432600,0x00000000bc300000)

Deoptimization events (10 events):
Event: 6.143 Thread 0x00007f744000a000 Uncommon trap: reason=class_check action=maybe_recompile pc=0x00007f743d2fc99c method=java.util.ComparableTimSort.countRunAndMakeAscending([Ljava/lang/Object;II)I @ 36
Event: 6.167 Thread 0x00007f744000a000 Uncommon trap: reason=unreached action=reinterpret pc=0x00007f743d09b7a0 method=java.util.Arrays.copyOf([Ljava/lang/Object;ILjava/lang/Class;)[Ljava/lang/Object; @ 4
Event: 6.168 Thread 0x00007f744000a000 Uncommon trap: reason=class_check action=maybe_recompile pc=0x00007f743d0cdb24 method=java.util.HashMap.<init>(IF)V @ 115
Event: 6.168 Thread 0x00007f744000a000 Uncommon trap: reason=class_check action=maybe_recompile pc=0x00007f743d0bd9d0 method=java.util.HashMap.put(Ljava/lang/Object;Ljava/lang/Object;)Ljava/lang/Object; @ 137
Event: 6.168 Thread 0x00007f744000a000 Uncommon trap: reason=class_check action=maybe_recompile pc=0x00007f743d0d95f0 method=java.util.HashMap.addEntry(ILjava/lang/Object;Ljava/lang/Object;I)V @ 65
Event: 6.168 Thread 0x00007f744000a000 Uncommon trap: reason=class_check action=maybe_recompile pc=0x00007f743d0bd9d0 method=java.util.HashMap.put(Ljava/lang/Object;Ljava/lang/Object;)Ljava/lang/Object; @ 137
Event: 6.168 Thread 0x00007f744000a000 Uncommon trap: reason=class_check action=maybe_recompile pc=0x00007f743d0d95f0 method=java.util.HashMap.addEntry(ILjava/lang/Object;Ljava/lang/Object;I)V @ 65
Event: 6.169 Thread 0x00007f744000a000 Uncommon trap: reason=class_check action=maybe_recompile pc=0x00007f743d0d95f0 method=java.util.HashMap.addEntry(ILjava/lang/Object;Ljava/lang/Object;I)V @ 65
Event: 6.169 Thread 0x00007f744000a000 Uncommon trap: reason=class_check action=maybe_recompile pc=0x00007f743d0d95f0 method=java.util.HashMap.addEntry(ILjava/lang/Object;Ljava/lang/Object;I)V @ 65
Event: 6.169 Thread 0x00007f744000a000 Uncommon trap: reason=class_check action=maybe_recompile pc=0x00007f743d0cdb24 method=java.util.HashMap.<init>(IF)V @ 115

Internal exceptions (10 events):
Event: 5.679 Thread 0x00007f744000a000 Threw 0x00000000f11a44e8 at /HUDSON/workspace/7u-2-build-linux-amd64/jdk7u75/1940/hotspot/src/share/vm/prims/jvm.cpp:1281
Event: 5.679 Thread 0x00007f744000a000 Threw 0x00000000f11a7828 at /HUDSON/workspace/7u-2-build-linux-amd64/jdk7u75/1940/hotspot/src/share/vm/prims/jvm.cpp:1281
Event: 5.690 Thread 0x00007f744000a000 Threw 0x00000000f11c8288 at /HUDSON/workspace/7u-2-build-linux-amd64/jdk7u75/1940/hotspot/src/share/vm/prims/jvm.cpp:1281
Event: 5.915 Thread 0x00007f744000a000 Threw 0x00000000f1baae78 at /HUDSON/workspace/7u-2-build-linux-amd64/jdk7u75/1940/hotspot/src/share/vm/prims/jvm.cpp:1281
Event: 5.916 Thread 0x00007f744000a000 Threw 0x00000000f1bb6988 at /HUDSON/workspace/7u-2-build-linux-amd64/jdk7u75/1940/hotspot/src/share/vm/prims/jvm.cpp:1281
Event: 5.916 Thread 0x00007f744000a000 Threw 0x00000000f1bb94a0 at /HUDSON/workspace/7u-2-build-linux-amd64/jdk7u75/1940/hotspot/src/share/vm/prims/jvm.cpp:1281
Event: 6.022 Thread 0x00007f744000a000 Threw 0x00000000f21f0fe0 at /HUDSON/workspace/7u-2-build-linux-amd64/jdk7u75/1940/hotspot/src/share/vm/prims/jvm.cpp:1281
Event: 6.045 Thread 0x00007f744000a000 Threw 0x00000000f238fa98 at /HUDSON/workspace/7u-2-build-linux-amd64/jdk7u75/1940/hotspot/src/share/vm/prims/jvm.cpp:1281
Event: 6.054 Thread 0x00007f744000a000 Threw 0x00000000f2441660 at /HUDSON/workspace/7u-2-build-linux-amd64/jdk7u75/1940/hotspot/src/share/vm/prims/jvm.cpp:1281
Event: 6.161 Thread 0x00007f744000a000 Threw 0x00000000f2449660 at /HUDSON/workspace/7u-2-build-linux-amd64/jdk7u75/1940/hotspot/src/share/vm/prims/jvm.cpp:1281

Events (10 events):
Event: 6.209 loading class 0x00007f74001d2660 done
Event: 6.209 loading class 0x00007f744000f9d0
Event: 6.209 loading class 0x00007f74001d2e40
Event: 6.209 loading class 0x00007f74001d2e40 done
Event: 6.209 loading class 0x00007f744000f9d0 done
Event: 6.255 loading class 0x00007f7445da23a0
Event: 6.255 loading class 0x00007f7445da23a0 done
Event: 6.256 Thread 0x00007f744000a000 Thread exited: 0x00007f744000a000
Event: 6.256 Thread 0x00007f744000a000 Thread added: 0x00007f744000a000
Event: 6.256 Executing VM operation: ParallelGCFailedAllocation


Dynamic libraries:
00400000-00401000 r-xp 00000000 08:09 2369769                            /usr/lib/jvm/jdk1.7.0_75/bin/java
00600000-00601000 rw-p 00000000 08:09 2369769                            /usr/lib/jvm/jdk1.7.0_75/bin/java
011d7000-011f8000 rw-p 00000000 00:00 0                                  [heap]
bae00000-bc300000 rw-p 00000000 00:00 0 
bc300000-c0000000 rw-p 00000000 00:00 0 
c0000000-c5180000 rw-p 00000000 00:00 0 
c5180000-eaa80000 rw-p 00000000 00:00 0 
eaa80000-f4780000 rw-p 00000000 00:00 0 
fca80000-100000000 rw-p 00000000 00:00 0 
7f73f4000000-7f73f4021000 rw-p 00000000 00:00 0 
7f73f4021000-7f73f8000000 ---p 00000000 00:00 0 
7f73f8000000-7f73f8021000 rw-p 00000000 00:00 0 
7f73f8021000-7f73fc000000 ---p 00000000 00:00 0 
7f73fc000000-7f73fc021000 rw-p 00000000 00:00 0 
7f73fc021000-7f7400000000 ---p 00000000 00:00 0 
7f7400000000-7f7400fd4000 rw-p 00000000 00:00 0 
7f7400fd4000-7f7404000000 ---p 00000000 00:00 0 
7f7408000000-7f7408021000 rw-p 00000000 00:00 0 
7f7408021000-7f740c000000 ---p 00000000 00:00 0 
7f740c000000-7f740ccd0000 rw-p 00000000 00:00 0 
7f740ccd0000-7f7410000000 ---p 00000000 00:00 0 
7f7410000000-7f741024e000 rw-p 00000000 00:00 0 
7f741024e000-7f7414000000 ---p 00000000 00:00 0 
7f7414000000-7f7414021000 rw-p 00000000 00:00 0 
7f7414021000-7f7418000000 ---p 00000000 00:00 0 
7f7418000000-7f7418021000 rw-p 00000000 00:00 0 
7f7418021000-7f741c000000 ---p 00000000 00:00 0 
7f741c000000-7f741c021000 rw-p 00000000 00:00 0 
7f741c021000-7f7420000000 ---p 00000000 00:00 0 
7f7420000000-7f7420021000 rw-p 00000000 00:00 0 
7f7420021000-7f7424000000 ---p 00000000 00:00 0 
7f7425847000-7f742585d000 r-xp 00000000 08:09 2367016                    /usr/lib/jvm/jdk1.7.0_75/jre/lib/amd64/libnet.so
7f742585d000-7f7425a5d000 ---p 00016000 08:09 2367016                    /usr/lib/jvm/jdk1.7.0_75/jre/lib/amd64/libnet.so
7f7425a5d000-7f7425a5e000 rw-p 00016000 08:09 2367016                    /usr/lib/jvm/jdk1.7.0_75/jre/lib/amd64/libnet.so
7f7425a5e000-7f7425a6e000 r-xp 00000000 08:09 2366983                    /usr/lib/jvm/jdk1.7.0_75/jre/lib/amd64/libnio.so
7f7425a6e000-7f7425c6e000 ---p 00010000 08:09 2366983                    /usr/lib/jvm/jdk1.7.0_75/jre/lib/amd64/libnio.so
7f7425c6e000-7f7425c6f000 rw-p 00010000 08:09 2366983                    /usr/lib/jvm/jdk1.7.0_75/jre/lib/amd64/libnio.so
7f7425c6f000-7f7425c70000 ---p 00000000 00:00 0 
7f7425c70000-7f7428000000 rw-p 00000000 00:00 0                          [stack:21569]
7f7428000000-7f7428021000 rw-p 00000000 00:00 0 
7f7428021000-7f742c000000 ---p 00000000 00:00 0 
7f742c000000-7f742c021000 rw-p 00000000 00:00 0 
7f742c021000-7f7430000000 ---p 00000000 00:00 0 
7f7430000000-7f7430021000 rw-p 00000000 00:00 0 
7f7430021000-7f7434000000 ---p 00000000 00:00 0 
7f7434000000-7f7434021000 rw-p 00000000 00:00 0 
7f7434021000-7f7438000000 ---p 00000000 00:00 0 
7f7438000000-7f7438021000 rw-p 00000000 00:00 0 
7f7438021000-7f743c000000 ---p 00000000 00:00 0 
7f743c015000-7f743c018000 ---p 00000000 00:00 0 
7f743c018000-7f743c116000 rw-p 00000000 00:00 0                          [stack:21563]
7f743c116000-7f743c119000 ---p 00000000 00:00 0 
7f743c119000-7f743c217000 rw-p 00000000 00:00 0                          [stack:21562]
7f743c217000-7f743c21a000 ---p 00000000 00:00 0 
7f743c21a000-7f743c318000 rw-p 00000000 00:00 0                          [stack:21560]
7f743c318000-7f743c31b000 ---p 00000000 00:00 0 
7f743c31b000-7f743c419000 rw-p 00000000 00:00 0                          [stack:21552]
7f743c419000-7f743cafb000 r--p 00000000 08:09 5905331                    /usr/lib/locale/locale-archive
7f743cafb000-7f743cafe000 ---p 00000000 00:00 0 
7f743cafe000-7f743cbfc000 rw-p 00000000 00:00 0                          [stack:21540]
7f743cbfc000-7f743cbff000 ---p 00000000 00:00 0 
7f743cbff000-7f743ccfd000 rw-p 00000000 00:00 0                          [stack:21534]
7f743ccfd000-7f743ccfe000 ---p 00000000 00:00 0 
7f743ccfe000-7f743d000000 rw-p 00000000 00:00 0                          [stack:21523]
7f743d000000-7f743d340000 rwxp 00000000 00:00 0 
7f743d340000-7f7440229000 rw-p 00000000 00:00 0 
7f7440229000-7f7444000000 ---p 00000000 00:00 0 
7f7444077000-7f74440a8000 rw-p 00000000 00:00 0 
7f74440b9000-7f7445b46000 rw-p 00000000 00:00 0 
7f7445b46000-7f7445d05000 r--s 039eb000 08:09 2368673                    /usr/lib/jvm/jdk1.7.0_75/jre/lib/rt.jar
7f7445d05000-7f7446027000 rw-p 00000000 00:00 0 
7f7446027000-7f7446028000 ---p 00000000 00:00 0 
7f7446028000-7f7446128000 rw-p 00000000 00:00 0                          [stack:21493]
7f7446128000-7f7446129000 ---p 00000000 00:00 0 
7f7446129000-7f7446229000 rw-p 00000000 00:00 0                          [stack:21486]
7f7446229000-7f744622a000 ---p 00000000 00:00 0 
7f744622a000-7f744632a000 rw-p 00000000 00:00 0                          [stack:21484]
7f744632a000-7f744632b000 ---p 00000000 00:00 0 
7f744632b000-7f744642b000 rw-p 00000000 00:00 0                          [stack:21482]
7f744642b000-7f744642c000 ---p 00000000 00:00 0 
7f744642c000-7f744652c000 rw-p 00000000 00:00 0                          [stack:21480]
7f744652c000-7f744652d000 ---p 00000000 00:00 0 
7f744652d000-7f744662d000 rw-p 00000000 00:00 0                          [stack:21478]
7f744662d000-7f744662e000 ---p 00000000 00:00 0 
7f744662e000-7f744672e000 rw-p 00000000 00:00 0                          [stack:21476]
7f744672e000-7f744672f000 ---p 00000000 00:00 0 
7f744672f000-7f744683a000 rw-p 00000000 00:00 0                          [stack:21475]
7f744683a000-7f7446858000 rw-p 00000000 00:00 0 
7f7446858000-7f7446881000 rw-p 00000000 00:00 0 
7f7446881000-7f74469ae000 rw-p 00000000 00:00 0 
7f74469ae000-7f74469b9000 rw-p 00000000 00:00 0 
7f74469b9000-7f74469d7000 rw-p 00000000 00:00 0 
7f74469d7000-7f7446a00000 rw-p 00000000 00:00 0 
7f7446a00000-7f7446b2c000 rw-p 00000000 00:00 0 
7f7446b2c000-7f7446b7b000 rw-p 00000000 00:00 0 
7f7446b7b000-7f7446bd7000 rw-p 00000000 00:00 0 
7f7446bd7000-7f7446bd8000 rw-p 00000000 00:00 0 
7f7446bd8000-7f7446bf2000 r-xp 00000000 08:09 2367011                    /usr/lib/jvm/jdk1.7.0_75/jre/lib/amd64/libzip.so
7f7446bf2000-7f7446df2000 ---p 0001a000 08:09 2367011                    /usr/lib/jvm/jdk1.7.0_75/jre/lib/amd64/libzip.so
7f7446df2000-7f7446df3000 rw-p 0001a000 08:09 2367011                    /usr/lib/jvm/jdk1.7.0_75/jre/lib/amd64/libzip.so
7f7446df3000-7f7446dfe000 r-xp 00000000 08:09 1845465                    /lib/x86_64-linux-gnu/libnss_files-2.19.so
7f7446dfe000-7f7446ffd000 ---p 0000b000 08:09 1845465                    /lib/x86_64-linux-gnu/libnss_files-2.19.so
7f7446ffd000-7f7446ffe000 r--p 0000a000 08:09 1845465                    /lib/x86_64-linux-gnu/libnss_files-2.19.so
7f7446ffe000-7f7446fff000 rw-p 0000b000 08:09 1845465                    /lib/x86_64-linux-gnu/libnss_files-2.19.so
7f7446fff000-7f744700a000 r-xp 00000000 08:09 1845504                    /lib/x86_64-linux-gnu/libnss_nis-2.19.so
7f744700a000-7f7447209000 ---p 0000b000 08:09 1845504                    /lib/x86_64-linux-gnu/libnss_nis-2.19.so
7f7447209000-7f744720a000 r--p 0000a000 08:09 1845504                    /lib/x86_64-linux-gnu/libnss_nis-2.19.so
7f744720a000-7f744720b000 rw-p 0000b000 08:09 1845504                    /lib/x86_64-linux-gnu/libnss_nis-2.19.so
7f744720b000-7f7447222000 r-xp 00000000 08:09 1845483                    /lib/x86_64-linux-gnu/libnsl-2.19.so
7f7447222000-7f7447421000 ---p 00017000 08:09 1845483                    /lib/x86_64-linux-gnu/libnsl-2.19.so
7f7447421000-7f7447422000 r--p 00016000 08:09 1845483                    /lib/x86_64-linux-gnu/libnsl-2.19.so
7f7447422000-7f7447423000 rw-p 00017000 08:09 1845483                    /lib/x86_64-linux-gnu/libnsl-2.19.so
7f7447423000-7f7447425000 rw-p 00000000 00:00 0 
7f7447425000-7f744742e000 r-xp 00000000 08:09 1845481                    /lib/x86_64-linux-gnu/libnss_compat-2.19.so
7f744742e000-7f744762d000 ---p 00009000 08:09 1845481                    /lib/x86_64-linux-gnu/libnss_compat-2.19.so
7f744762d000-7f744762e000 r--p 00008000 08:09 1845481                    /lib/x86_64-linux-gnu/libnss_compat-2.19.so
7f744762e000-7f744762f000 rw-p 00009000 08:09 1845481                    /lib/x86_64-linux-gnu/libnss_compat-2.19.so
7f744762f000-7f7447658000 r-xp 00000000 08:09 2366978                    /usr/lib/jvm/jdk1.7.0_75/jre/lib/amd64/libjava.so
7f7447658000-7f7447858000 ---p 00029000 08:09 2366978                    /usr/lib/jvm/jdk1.7.0_75/jre/lib/amd64/libjava.so
7f7447858000-7f744785a000 rw-p 00029000 08:09 2366978                    /usr/lib/jvm/jdk1.7.0_75/jre/lib/amd64/libjava.so
7f744785a000-7f7447867000 r-xp 00000000 08:09 2367004                    /usr/lib/jvm/jdk1.7.0_75/jre/lib/amd64/libverify.so
7f7447867000-7f7447a66000 ---p 0000d000 08:09 2367004                    /usr/lib/jvm/jdk1.7.0_75/jre/lib/amd64/libverify.so
7f7447a66000-7f7447a68000 rw-p 0000c000 08:09 2367004                    /usr/lib/jvm/jdk1.7.0_75/jre/lib/amd64/libverify.so
7f7447a68000-7f7447a6f000 r-xp 00000000 08:09 1845499                    /lib/x86_64-linux-gnu/librt-2.19.so
7f7447a6f000-7f7447c6e000 ---p 00007000 08:09 1845499                    /lib/x86_64-linux-gnu/librt-2.19.so
7f7447c6e000-7f7447c6f000 r--p 00006000 08:09 1845499                    /lib/x86_64-linux-gnu/librt-2.19.so
7f7447c6f000-7f7447c70000 rw-p 00007000 08:09 1845499                    /lib/x86_64-linux-gnu/librt-2.19.so
7f7447c70000-7f7447d75000 r-xp 00000000 08:09 1845463                    /lib/x86_64-linux-gnu/libm-2.19.so
7f7447d75000-7f7447f74000 ---p 00105000 08:09 1845463                    /lib/x86_64-linux-gnu/libm-2.19.so
7f7447f74000-7f7447f75000 r--p 00104000 08:09 1845463                    /lib/x86_64-linux-gnu/libm-2.19.so
7f7447f75000-7f7447f76000 rw-p 00105000 08:09 1845463                    /lib/x86_64-linux-gnu/libm-2.19.so
7f7447f76000-7f7448ae9000 r-xp 00000000 08:09 2367028                    /usr/lib/jvm/jdk1.7.0_75/jre/lib/amd64/server/libjvm.so
7f7448ae9000-7f7448ce9000 ---p 00b73000 08:09 2367028                    /usr/lib/jvm/jdk1.7.0_75/jre/lib/amd64/server/libjvm.so
7f7448ce9000-7f7448dad000 rw-p 00b73000 08:09 2367028                    /usr/lib/jvm/jdk1.7.0_75/jre/lib/amd64/server/libjvm.so
7f7448dad000-7f7448dee000 rw-p 00000000 00:00 0 
7f7448dee000-7f7448fa9000 r-xp 00000000 08:09 1845493                    /lib/x86_64-linux-gnu/libc-2.19.so
7f7448fa9000-7f74491a8000 ---p 001bb000 08:09 1845493                    /lib/x86_64-linux-gnu/libc-2.19.so
7f74491a8000-7f74491ac000 r--p 001ba000 08:09 1845493                    /lib/x86_64-linux-gnu/libc-2.19.so
7f74491ac000-7f74491ae000 rw-p 001be000 08:09 1845493                    /lib/x86_64-linux-gnu/libc-2.19.so
7f74491ae000-7f74491b3000 rw-p 00000000 00:00 0 
7f74491b3000-7f74491b6000 r-xp 00000000 08:09 1845471                    /lib/x86_64-linux-gnu/libdl-2.19.so
7f74491b6000-7f74493b5000 ---p 00003000 08:09 1845471                    /lib/x86_64-linux-gnu/libdl-2.19.so
7f74493b5000-7f74493b6000 r--p 00002000 08:09 1845471                    /lib/x86_64-linux-gnu/libdl-2.19.so
7f74493b6000-7f74493b7000 rw-p 00003000 08:09 1845471                    /lib/x86_64-linux-gnu/libdl-2.19.so
7f74493b7000-7f74493cd000 r-xp 00000000 08:09 2368716                    /usr/lib/jvm/jdk1.7.0_75/lib/amd64/jli/libjli.so
7f74493cd000-7f74495cd000 ---p 00016000 08:09 2368716                    /usr/lib/jvm/jdk1.7.0_75/lib/amd64/jli/libjli.so
7f74495cd000-7f74495ce000 rw-p 00016000 08:09 2368716                    /usr/lib/jvm/jdk1.7.0_75/lib/amd64/jli/libjli.so
7f74495ce000-7f74495e7000 r-xp 00000000 08:09 1845495                    /lib/x86_64-linux-gnu/libpthread-2.19.so
7f74495e7000-7f74497e6000 ---p 00019000 08:09 1845495                    /lib/x86_64-linux-gnu/libpthread-2.19.so
7f74497e6000-7f74497e7000 r--p 00018000 08:09 1845495                    /lib/x86_64-linux-gnu/libpthread-2.19.so
7f74497e7000-7f74497e8000 rw-p 00019000 08:09 1845495                    /lib/x86_64-linux-gnu/libpthread-2.19.so
7f74497e8000-7f74497ec000 rw-p 00000000 00:00 0 
7f74497ec000-7f744980f000 r-xp 00000000 08:09 1845487                    /lib/x86_64-linux-gnu/ld-2.19.so
7f744980f000-7f744981e000 r--s 000dd000 08:09 3034423                    /home/rkrishnan/Documents/androidSDK/build-tools/22.0.1/lib/dx.jar
7f744981e000-7f744982b000 rw-p 00000000 00:00 0 
7f744982b000-7f74498de000 rw-p 00000000 00:00 0 
7f74498de000-7f74498e1000 ---p 00000000 00:00 0 
7f74498e1000-7f74499e3000 rw-p 00000000 00:00 0                          [stack:21468]
7f74499e7000-7f74499e8000 rw-p 00000000 00:00 0 
7f74499e8000-7f74499ec000 r--s 0008b000 08:09 2368647                    /usr/lib/jvm/jdk1.7.0_75/jre/lib/jsse.jar
7f74499ec000-7f7449a02000 rw-p 00000000 00:00 0 
7f7449a02000-7f7449a0a000 rw-s 00000000 08:09 5639181                    /tmp/hsperfdata_rkrishnan/21453
7f7449a0a000-7f7449a0b000 rw-p 00000000 00:00 0 
7f7449a0b000-7f7449a0c000 ---p 00000000 00:00 0 
7f7449a0c000-7f7449a0e000 rw-p 00000000 00:00 0 
7f7449a0e000-7f7449a0f000 r--p 00022000 08:09 1845487                    /lib/x86_64-linux-gnu/ld-2.19.so
7f7449a0f000-7f7449a10000 rw-p 00023000 08:09 1845487                    /lib/x86_64-linux-gnu/ld-2.19.so
7f7449a10000-7f7449a11000 rw-p 00000000 00:00 0 
7ffc7a5e9000-7ffc7a60a000 rw-p 00000000 00:00 0                          [stack]
7ffc7a733000-7ffc7a735000 r-xp 00000000 00:00 0                          [vdso]
ffffffffff600000-ffffffffff601000 r-xp 00000000 00:00 0                  [vsyscall]

VM Arguments:
jvm_args: -Xmx1024M -Dfile.encoding=UTF-8 -Duser.country=US -Duser.language=en -Duser.variant 
java_command: com.android.dx.command.Main --dex --output /home/rkrishnan/Documents/Stre.am/AngelHack/Application/build/intermediates/pre-dexed/debug/classes-216ba5b8131e3510e6af854a71f300cfc66fd302.jar /home/rkrishnan/Documents/Stre.am/AngelHack/Application/build/intermediates/exploded-aar/com.android.support/support-v4/21.0.2/classes.jar
Launcher Type: SUN_STANDARD

Environment Variables:
CLASSPATH=/home/rkrishnan/android-studio/bin/../lib/bootstrap.jar:/home/rkrishnan/android-studio/bin/../lib/extensions.jar:/home/rkrishnan/android-studio/bin/../lib/util.jar:/home/rkrishnan/android-studio/bin/../lib/jdom.jar:/home/rkrishnan/android-studio/bin/../lib/log4j.jar:/home/rkrishnan/android-studio/bin/../lib/trove4j.jar:/home/rkrishnan/android-studio/bin/../lib/jna.jar:/usr/lib/jvm/java-7-openjdk-amd64/lib/tools.jar
PATH=/home/rkrishnan/.rvm/gems/ruby-2.1.2/bin:/home/rkrishnan/.rvm/gems/ruby-2.1.2@global/bin:/home/rkrishnan/.rvm/rubies/ruby-2.1.2/bin:/usr/local/sbin:/usr/local/bin:/usr/sbin:/usr/bin:/sbin:/bin:/usr/games:/usr/local/games:/home/rkrishnan/.rvm/bin:/home/rkrishnan/.rvm/bin:/home/rkrishnan/hive/VPN/:/home/rkrishnan/android-studio/bin:/home/rkrishnan/ffmpeg_bin/
LD_LIBRARY_PATH=/home/rkrishnan/android-studio/bin:
SHELL=/bin/zsh
DISPLAY=:0

Signal Handlers:
SIGSEGV: [libjvm.so+0x9a21f0], sa_mask[0]=0x7ffbfeff, sa_flags=0x10000004
SIGBUS: [libjvm.so+0x9a21f0], sa_mask[0]=0x7ffbfeff, sa_flags=0x10000004
SIGFPE: [libjvm.so+0x81ba40], sa_mask[0]=0x7ffbfeff, sa_flags=0x10000004
SIGPIPE: [libjvm.so+0x81ba40], sa_mask[0]=0x7ffbfeff, sa_flags=0x10000004
SIGXFSZ: [libjvm.so+0x81ba40], sa_mask[0]=0x7ffbfeff, sa_flags=0x10000004
SIGILL: [libjvm.so+0x81ba40], sa_mask[0]=0x7ffbfeff, sa_flags=0x10000004
SIGUSR1: SIG_DFL, sa_mask[0]=0x00000000, sa_flags=0x00000000
SIGUSR2: [libjvm.so+0x81d240], sa_mask[0]=0x00000004, sa_flags=0x10000004
SIGHUP: [libjvm.so+0x81e360], sa_mask[0]=0x7ffbfeff, sa_flags=0x10000004
SIGINT: [libjvm.so+0x81e360], sa_mask[0]=0x7ffbfeff, sa_flags=0x10000004
SIGTERM: [libjvm.so+0x81e360], sa_mask[0]=0x7ffbfeff, sa_flags=0x10000004
SIGQUIT: [libjvm.so+0x81e360], sa_mask[0]=0x7ffbfeff, sa_flags=0x10000004


---------------  S Y S T E M  ---------------

OS:jessie/sid

uname:Linux 3.13.0-53-generic #89-Ubuntu SMP Wed May 20 10:34:39 UTC 2015 x86_64
libc:glibc 2.19 NPTL 2.19 
rlimit: STACK 8192k, CORE 0k, NPROC 62094, NOFILE 4096, AS infinity
load average:1.44 0.85 0.59

/proc/meminfo:
MemTotal:        8028836 kB
MemFree:          142680 kB
Buffers:             632 kB
Cached:          1160140 kB
SwapCached:            0 kB
Active:          6477844 kB
Inactive:        1128832 kB
Active(anon):    6452836 kB
Inactive(anon):  1110780 kB
Active(file):      25008 kB
Inactive(file):    18052 kB
Unevictable:         656 kB
Mlocked:             656 kB
SwapTotal:             0 kB
SwapFree:              0 kB
Dirty:               384 kB
Writeback:             0 kB
AnonPages:       6447452 kB
Mapped:           710844 kB
Shmem:           1117144 kB
Slab:             106576 kB
SReclaimable:      51136 kB
SUnreclaim:        55440 kB
KernelStack:        8248 kB
PageTables:        70856 kB
NFS_Unstable:          0 kB
Bounce:                0 kB
WritebackTmp:          0 kB
CommitLimit:     4014416 kB
Committed_AS:   16074312 kB
VmallocTotal:   34359738367 kB
VmallocUsed:      359256 kB
VmallocChunk:   34359356028 kB
HardwareCorrupted:     0 kB
AnonHugePages:   1546240 kB
HugePages_Total:       0
HugePages_Free:        0
HugePages_Rsvd:        0
HugePages_Surp:        0
Hugepagesize:       2048 kB
DirectMap4k:       90104 kB
DirectMap2M:     8151040 kB


CPU:total 8 (4 cores per cpu, 2 threads per core) family 6 model 58 stepping 9, cmov, cx8, fxsr, mmx, sse, sse2, sse3, ssse3, sse4.1, sse4.2, popcnt, avx, aes, erms, ht, tsc, tscinvbit, tscinv

/proc/cpuinfo:
processor	: 0
vendor_id	: GenuineIntel
cpu family	: 6
model		: 58
model name	: Intel(R) Core(TM) i7-3632QM CPU @ 2.20GHz
stepping	: 9
microcode	: 0x17
cpu MHz		: 1200.000
cache size	: 6144 KB
physical id	: 0
siblings	: 8
core id		: 0
cpu cores	: 4
apicid		: 0
initial apicid	: 0
fpu		: yes
fpu_exception	: yes
cpuid level	: 13
wp		: yes
flags		: fpu vme de pse tsc msr pae mce cx8 apic sep mtrr pge mca cmov pat pse36 clflush dts acpi mmx fxsr sse sse2 ss ht tm pbe syscall nx rdtscp lm constant_tsc arch_perfmon pebs bts rep_good nopl xtopology nonstop_tsc aperfmperf eagerfpu pni pclmulqdq dtes64 monitor ds_cpl vmx est tm2 ssse3 cx16 xtpr pdcm pcid sse4_1 sse4_2 x2apic popcnt tsc_deadline_timer aes xsave avx f16c rdrand lahf_lm ida arat epb xsaveopt pln pts dtherm tpr_shadow vnmi flexpriority ept vpid fsgsbase smep erms
bogomips	: 4390.33
clflush size	: 64
cache_alignment	: 64
address sizes	: 36 bits physical, 48 bits virtual
power management:

processor	: 1
vendor_id	: GenuineIntel
cpu family	: 6
model		: 58
model name	: Intel(R) Core(TM) i7-3632QM CPU @ 2.20GHz
stepping	: 9
microcode	: 0x17
cpu MHz		: 1200.000
cache size	: 6144 KB
physical id	: 0
siblings	: 8
core id		: 0
cpu cores	: 4
apicid		: 1
initial apicid	: 1
fpu		: yes
fpu_exception	: yes
cpuid level	: 13
wp		: yes
flags		: fpu vme de pse tsc msr pae mce cx8 apic sep mtrr pge mca cmov pat pse36 clflush dts acpi mmx fxsr sse sse2 ss ht tm pbe syscall nx rdtscp lm constant_tsc arch_perfmon pebs bts rep_good nopl xtopology nonstop_tsc aperfmperf eagerfpu pni pclmulqdq dtes64 monitor ds_cpl vmx est tm2 ssse3 cx16 xtpr pdcm pcid sse4_1 sse4_2 x2apic popcnt tsc_deadline_timer aes xsave avx f16c rdrand lahf_lm ida arat epb xsaveopt pln pts dtherm tpr_shadow vnmi flexpriority ept vpid fsgsbase smep erms
bogomips	: 4390.33
clflush size	: 64
cache_alignment	: 64
address sizes	: 36 bits physical, 48 bits virtual
power management:

processor	: 2
vendor_id	: GenuineIntel
cpu family	: 6
model		: 58
model name	: Intel(R) Core(TM) i7-3632QM CPU @ 2.20GHz
stepping	: 9
microcode	: 0x17
cpu MHz		: 1200.000
cache size	: 6144 KB
physical id	: 0
siblings	: 8
core id		: 1
cpu cores	: 4
apicid		: 2
initial apicid	: 2
fpu		: yes
fpu_exception	: yes
cpuid level	: 13
wp		: yes
flags		: fpu vme de pse tsc msr pae mce cx8 apic sep mtrr pge mca cmov pat pse36 clflush dts acpi mmx fxsr sse sse2 ss ht tm pbe syscall nx rdtscp lm constant_tsc arch_perfmon pebs bts rep_good nopl xtopology nonstop_tsc aperfmperf eagerfpu pni pclmulqdq dtes64 monitor ds_cpl vmx est tm2 ssse3 cx16 xtpr pdcm pcid sse4_1 sse4_2 x2apic popcnt tsc_deadline_timer aes xsave avx f16c rdrand lahf_lm ida arat epb xsaveopt pln pts dtherm tpr_shadow vnmi flexpriority ept vpid fsgsbase smep erms
bogomips	: 4390.33
clflush size	: 64
cache_alignment	: 64
address sizes	: 36 bits physical, 48 bits virtual
power management:

processor	: 3
vendor_id	: GenuineIntel
cpu family	: 6
model		: 58
model name	: Intel(R) Core(TM) i7-3632QM CPU @ 2.20GHz
stepping	: 9
microcode	: 0x17
cpu MHz		: 1200.000
cache size	: 6144 KB
physical id	: 0
siblings	: 8
core id		: 1
cpu cores	: 4
apicid		: 3
initial apicid	: 3
fpu		: yes
fpu_exception	: yes
cpuid level	: 13
wp		: yes
flags		: fpu vme de pse tsc msr pae mce cx8 apic sep mtrr pge mca cmov pat pse36 clflush dts acpi mmx fxsr sse sse2 ss ht tm pbe syscall nx rdtscp lm constant_tsc arch_perfmon pebs bts rep_good nopl xtopology nonstop_tsc aperfmperf eagerfpu pni pclmulqdq dtes64 monitor ds_cpl vmx est tm2 ssse3 cx16 xtpr pdcm pcid sse4_1 sse4_2 x2apic popcnt tsc_deadline_timer aes xsave avx f16c rdrand lahf_lm ida arat epb xsaveopt pln pts dtherm tpr_shadow vnmi flexpriority ept vpid fsgsbase smep erms
bogomips	: 4390.33
clflush size	: 64
cache_alignment	: 64
address sizes	: 36 bits physical, 48 bits virtual
power management:

processor	: 4
vendor_id	: GenuineIntel
cpu family	: 6
model		: 58
model name	: Intel(R) Core(TM) i7-3632QM CPU @ 2.20GHz
stepping	: 9
microcode	: 0x17
cpu MHz		: 1200.000
cache size	: 6144 KB
physical id	: 0
siblings	: 8
core id		: 2
cpu cores	: 4
apicid		: 4
initial apicid	: 4
fpu		: yes
fpu_exception	: yes
cpuid level	: 13
wp		: yes
flags		: fpu vme de pse tsc msr pae mce cx8 apic sep mtrr pge mca cmov pat pse36 clflush dts acpi mmx fxsr sse sse2 ss ht tm pbe syscall nx rdtscp lm constant_tsc arch_perfmon pebs bts rep_good nopl xtopology nonstop_tsc aperfmperf eagerfpu pni pclmulqdq dtes64 monitor ds_cpl vmx est tm2 ssse3 cx16 xtpr pdcm pcid sse4_1 sse4_2 x2apic popcnt tsc_deadline_timer aes xsave avx f16c rdrand lahf_lm ida arat epb xsaveopt pln pts dtherm tpr_shadow vnmi flexpriority ept vpid fsgsbase smep erms
bogomips	: 4390.33
clflush size	: 64
cache_alignment	: 64
address sizes	: 36 bits physical, 48 bits virtual
power management:

processor	: 5
vendor_id	: GenuineIntel
cpu family	: 6
model		: 58
model name	: Intel(R) Core(TM) i7-3632QM CPU @ 2.20GHz
stepping	: 9
microcode	: 0x17
cpu MHz		: 1200.000
cache size	: 6144 KB
physical id	: 0
siblings	: 8
core id		: 2
cpu cores	: 4
apicid		: 5
initial apicid	: 5
fpu		: yes
fpu_exception	: yes
cpuid level	: 13
wp		: yes
flags		: fpu vme de pse tsc msr pae mce cx8 apic sep mtrr pge mca cmov pat pse36 clflush dts acpi mmx fxsr sse sse2 ss ht tm pbe syscall nx rdtscp lm constant_tsc arch_perfmon pebs bts rep_good nopl xtopology nonstop_tsc aperfmperf eagerfpu pni pclmulqdq dtes64 monitor ds_cpl vmx est tm2 ssse3 cx16 xtpr pdcm pcid sse4_1 sse4_2 x2apic popcnt tsc_deadline_timer aes xsave avx f16c rdrand lahf_lm ida arat epb xsaveopt pln pts dtherm tpr_shadow vnmi flexpriority ept vpid fsgsbase smep erms
bogomips	: 4390.33
clflush size	: 64
cache_alignment	: 64
address sizes	: 36 bits physical, 48 bits virtual
power management:

processor	: 6
vendor_id	: GenuineIntel
cpu family	: 6
model		: 58
model name	: Intel(R) Core(TM) i7-3632QM CPU @ 2.20GHz
stepping	: 9
microcode	: 0x17
cpu MHz		: 1200.000
cache size	: 6144 KB
physical id	: 0
siblings	: 8
core id		: 3
cpu cores	: 4
apicid		: 6
initial apicid	: 6
fpu		: yes
fpu_exception	: yes
cpuid level	: 13
wp		: yes
flags		: fpu vme de pse tsc msr pae mce cx8 apic sep mtrr pge mca cmov pat pse36 clflush dts acpi mmx fxsr sse sse2 ss ht tm pbe syscall nx rdtscp lm constant_tsc arch_perfmon pebs bts rep_good nopl xtopology nonstop_tsc aperfmperf eagerfpu pni pclmulqdq dtes64 monitor ds_cpl vmx est tm2 ssse3 cx16 xtpr pdcm pcid sse4_1 sse4_2 x2apic popcnt tsc_deadline_timer aes xsave avx f16c rdrand lahf_lm ida arat epb xsaveopt pln pts dtherm tpr_shadow vnmi flexpriority ept vpid fsgsbase smep erms
bogomips	: 4390.33
clflush size	: 64
cache_alignment	: 64
address sizes	: 36 bits physical, 48 bits virtual
power management:

processor	: 7
vendor_id	: GenuineIntel
cpu family	: 6
model		: 58
model name	: Intel(R) Core(TM) i7-3632QM CPU @ 2.20GHz
stepping	: 9
microcode	: 0x17
cpu MHz		: 1200.000
cache size	: 6144 KB
physical id	: 0
siblings	: 8
core id		: 3
cpu cores	: 4
apicid		: 7
initial apicid	: 7
fpu		: yes
fpu_exception	: yes
cpuid level	: 13
wp		: yes
flags		: fpu vme de pse tsc msr pae mce cx8 apic sep mtrr pge mca cmov pat pse36 clflush dts acpi mmx fxsr sse sse2 ss ht tm pbe syscall nx rdtscp lm constant_tsc arch_perfmon pebs bts rep_good nopl xtopology nonstop_tsc aperfmperf eagerfpu pni pclmulqdq dtes64 monitor ds_cpl vmx est tm2 ssse3 cx16 xtpr pdcm pcid sse4_1 sse4_2 x2apic popcnt tsc_deadline_timer aes xsave avx f16c rdrand lahf_lm ida arat epb xsaveopt pln pts dtherm tpr_shadow vnmi flexpriority ept vpid fsgsbase smep erms
bogomips	: 4390.33
clflush size	: 64
cache_alignment	: 64
address sizes	: 36 bits physical, 48 bits virtual
power management:



Memory: 4k page, physical 8028836k(142680k free), swap 0k(0k free)

vm_info: Java HotSpot(TM) 64-Bit Server VM (24.75-b04) for linux-amd64 JRE (1.7.0_75-b13), built on Dec 18 2014 16:45:18 by "java_re" with gcc 4.3.0 20080428 (Red Hat 4.3.0-8)

time: Sun Jun  7 04:56:11 2015
elapsed time: 6 seconds

